<?xml version="1.0" encoding="UTF-8"?>
<!-- Generated by org.testng.reporters.JUnitReportReporter -->
<testsuite hostname="seleniuminstance2-0" failures="0" tests="1" name="runner.Testcase1" time="8.778" errors="0" timestamp="2023-09-19T18:40:58 UTC" skipped="0">
  <testcase classname="runner.Testcase1" name="TC_001" time="8.778"/>
</testsuite> <!-- runner.Testcase1 -->
